<?xml version="1.0" encoding="UTF-8"?>
<beans xmlns="http://www.springframework.org/schema/beans"
	xmlns:xsi="http://www.w3.org/2001/XMLSchema-instance" xmlns:context="http://www.springframework.org/schema/context"
	xmlns:jee="http://www.springframework.org/schema/jee" xmlns:p="http://www.springframework.org/schema/p"
	xmlns:tx="http://www.springframework.org/schema/tx" xmlns:aop="http://www.springframework.org/schema/aop"
	xsi:schemaLocation="http://www.springframework.org/schema/jee http://www.springframework.org/schema/jee/spring-jee-4.0.xsd
		http://www.springframework.org/schema/aop http://www.springframework.org/schema/aop/spring-aop-4.0.xsd
		http://www.springframework.org/schema/beans http://www.springframework.org/schema/beans/spring-beans.xsd
		http://www.springframework.org/schema/tx http://www.springframework.org/schema/tx/spring-tx-4.0.xsd
		http://www.springframework.org/schema/context http://www.springframework.org/schema/context/spring-context-4.0.xsd">



	<context:component-scan base-package="org.giri.web.dao.impl"></context:component-scan>
	<context:component-scan base-package="org.giri.web.dao.uid"></context:component-scan>
	<context:annotation-config></context:annotation-config>


	<beans profile="dev">

		<context:property-placeholder
			location="org/giri/web/test/resources/jdbc.properties" />

		<bean id="dataSourceA" class="org.apache.commons.dbcp.BasicDataSource"
			destroy-method="close">

			<property name="driverClassName" value="${jdbc.driver}"></property>
			<property name="url" value="${jdbc.url}"></property>
			<property name="password" value="${jdbc.password}"></property>
			<property name="username" value="${jdbc.username}"></property>
		</bean>

		<tx:annotation-driven />

		<tx:jta-transaction-manager />


		<bean id="entityManagerFactoryA"
			class="org.springframework.orm.jpa.LocalContainerEntityManagerFactoryBean">

			<property name="persistenceXmlLocation" value="persistence.xml">
			</property>
			<property name="persistenceUnitName" value="PersistenceUnitA" />
			<property name="dataSource" ref="dataSourceA" />
			<property name="jpaVendorAdapter">
				<bean class="org.springframework.orm.jpa.vendor.HibernateJpaVendorAdapter">
					<property name="showSql" value="true" />
					<property name="databasePlatform" value="org.hibernate.dialect.MySQL5InnoDBDialect" />
				</bean>
			</property>
		</bean>

		<bean id="atomikosTransactionManager" class="com.atomikos.icatch.jta.UserTransactionManager"
			init-method="init" destroy-method="close">
			<property name="forceShutdown" value="false" />
		</bean>

		<bean id="atomikosUserTransaction" class="com.atomikos.icatch.jta.J2eeUserTransaction">
			<property name="transactionTimeout" value="300" />
		</bean>

		<bean id="transactionManager"
			class="org.springframework.transaction.jta.JtaTransactionManager"
			depends-on="atomikosTransactionManager,atomikosUserTransaction">
			<property name="transactionManager" ref="atomikosTransactionManager" />
			<property name="userTransaction" ref="atomikosUserTransaction" />
			<property name="allowCustomIsolationLevels" value="true" />
		</bean>

		<!-- Services with Transaction advice -->
		<tx:advice id="serviceTx" transaction-manager="transactionManager">
			<tx:attributes>
				<!-- <tx:method name="save*" propagation="SUPPORTS" read-only="true" 
					/> -->
				<tx:method name="*" />
			</tx:attributes>
		</tx:advice>

		<aop:config>
			<!-- Apply to all services and all methods in com.giri.web.services package -->
			<aop:pointcut id="serviceTxOperation"
				expression="execution(* org.giri.web.service.*Service.*(..))" />
			<aop:advisor advice-ref="serviceTx" pointcut-ref="serviceTxOperation" />
		</aop:config>
	</beans>

</beans>
